Start Time: Fri Oct 25 17:38:14 2019


Tab Code Editor:   0:1.3s
Tab ReadMe:   0:7.6s

Task 2 0:8.8s
Tab Read Me:   0:8.8s
Tab Code Editor:   0:10.0s
Tab ReadMe:   0:13.2s

Task 1 0:16.0s
Tab Read Me:   0:16.0s
Tab Code Editor:   0:17.1s

Task 2 0:19.0s
Tab Read Me:   0:19.0s
Tab ReadMe:   0:19.0s
Code changed: 
    Start:  0:19.0s 
    End:  0:19.0s

Tab Code Editor:   0:20.1s
Code changed: 
    Start:  0:19.0s 
    End:  0:19.0s

Code changed: 
    Start:  0:11.0s 
    End:  0:19.0s

Task 1:   Start: 0 16.0s
Task 1:   End: 0 29.0s 

Task 2:   Start: 0 8.8s
Task 2:   End: 0 29.0s 

Exit:   0:29.0s
Start Time: Fri Oct 25 17:54:09 2019


Tab Terminal:   0:1.4s
Tab Code Editor:   0:2.9s
Tab Terminal:   0:8.1s
Code changed: 
    Start:  0:4.0s 
    End:  0:5.0s

Exit:   0:26.0s
Start Time: Fri Oct 25 17:54:41 2019


Tab Code Editor:   0:1.2s
Tab Terminal:   0:9.6s
Tab Code Editor:   0:11.9s
Tab Terminal:   0:12.6s
Tab Code Editor:   0:23.4s

Task 2 3:18.2s
Tab Read Me:   3:18.2s
Tab ReadMe:   3:18.2s
Code changed: 
    Start:  3:18.0s 
    End:  3:18.0s

Tab Code Editor:   3:19.3s
Tab ReadMe:   3:26.5s

Task 1 3:29.1s
Tab Read Me:   3:29.1s
Tab Code Editor:   3:30.1s
Tab Terminal:   3:31.0s
Tab Code Editor:   3:31.6s
Tab ReadMe:   3:33.4s
Tab Code Editor:   3:34.0s
Code changed: 
    Start:  3:35.0s 
    End:  3:35.0s

Tab ReadMe:   3:44.6s

Task 2 3:45.9s
Tab Read Me:   3:45.9s
Tab Code Editor:   3:47.1s
Code changed: 
    Start:  3:47.0s 
    End:  3:47.0s


Task 1 3:59.4s
Tab Read Me:   3:59.4s
Tab ReadMe:   3:59.4s
Tab Code Editor:   4:0.5s

Task 2 4:2.2s
Tab Read Me:   4:2.2s
Tab ReadMe:   4:2.2s
Code changed: 
    Start:  4:2.0s 
    End:  4:2.0s

Tab Code Editor:   4:3.2s
Start Time: Sat Oct 26 02:16:39 2019


Tab Code Editor:   0:2.1s

Task 2 0:3.5s
Tab Read Me:   0:3.5s
Tab ReadMe:   0:3.5s

Task 3 0:4.7s
Tab Read Me:   0:4.7s

Task 4 0:5.7s
Tab Read Me:   0:5.7s

Task 3 0:8.5s
Tab Read Me:   0:8.5s

Task 2 0:9.7s
Tab Read Me:   0:9.7s

Task 1 0:13.1s
Tab Read Me:   0:13.1s
Code changed: 
    Start:  0:13.0s 
    End:  0:13.0s

Code changed: 
    Start:  0:13.0s 
    End:  0:13.0s


Task 2 0:14.6s
Tab Read Me:   0:14.6s

Task 3 0:15.9s
Tab Read Me:   0:15.9s

Task 4 0:17.3s
Tab Read Me:   0:17.3s
Code changed: 
    Start:  0:17.0s 
    End:  0:17.0s

Code changed: 
    Start:  0:17.0s 
    End:  0:17.0s


Task 3 0:19.0s
Tab Read Me:   0:19.0s
Code changed: 
    Start:  0:13.0s 
    End:  0:14.0s

Code changed: 
    Start:  0:13.0s 
    End:  0:15.0s

Code changed: 
    Start:  0:17.0s 
    End:  0:17.0s

Code changed: 
    Start:  0:17.0s 
    End:  0:18.0s

Task 1:   Start: 0 13.1s
Task 1:   End: 0 20.0s 

Task 2:   Start: 0 3.5s
Task 2:   End: 0 20.0s 

Task 3:   Start: 0 4.7s
Task 3:   End: 0 20.0s 

Task 4:   Start: 0 5.7s
Task 4:   End: 0 20.0s 

Exit:   0:20.0s
Start Time: Sat Oct 26 02:17:26 2019



Task 2 0:2.3s
Tab Read Me:   0:2.3s

Task 3 0:3.7s
Tab Read Me:   0:3.7s

Task 4 0:4.4s
Tab Read Me:   0:4.4s

Task 3 0:5.8s
Tab Read Me:   0:5.8s

Task 2 0:7.1s
Tab Read Me:   0:7.1s

Task 1 0:8.5s
Tab Read Me:   0:8.5s

Task 3 0:9.8s
Tab Read Me:   0:9.8s
Code changed: 
    Start:  0:9.0s 
    End:  0:9.0s


Task 2 0:11.3s
Tab Read Me:   0:11.3s

Task 1 0:14.5s
Tab Read Me:   0:14.5s
Code changed: 
    Start:  0:14.0s 
    End:  0:14.0s

Code changed: 
    Start:  0:9.0s 
    End:  0:14.0s

Code changed: 
    Start:  0:14.0s 
    End:  0:14.0s

Code changed: 
    Start:  0:4.0s 
    End:  0:11.0s

Code changed: 
    Start:  0:4.0s 
    End:  0:5.0s

Task 1:   Start: 0 8.5s
Task 1:   End: 0 16.0s 

Task 2:   Start: 0 2.3s
Task 2:   End: 0 16.0s 

Task 3:   Start: 0 3.7s
Task 3:   End: 0 16.0s 

Task 4:   Start: 0 4.4s
Task 4:   End: 0 16.0s 

Exit:   0:16.0s
Start Time: Mon Oct 28 12:51:18 2019


Tab Code Editor:   0:2.3s
Tab Terminal:   0:14.9s
Code changed: 
    Start:  0:3.0s 
    End:  0:6.0s

Exit:   0:28.0s
Start Time: Mon Oct 28 12:53:49 2019


Tab Code Editor:   0:1.2s
Tab Terminal:   0:7.7s
Tab Code Editor:   0:11.6s
Code changed: 
    Start:  0:12.0s 
    End:  0:12.0s


Task 2 0:15.1s
Tab Read Me:   0:15.1s
Tab ReadMe:   0:15.1s
Tab Code Editor:   0:16.8s

Task 1 0:19.2s
Tab Read Me:   0:19.2s
Tab ReadMe:   0:19.2s
Tab Code Editor:   0:20.5s
Code changed: 
    Start:  0:12.0s 
    End:  0:15.0s

Code changed: 
    Start:  0:17.0s 
    End:  0:19.0s

Task 1:   Start: 0 19.2s
Task 1:   End: 0 23.0s 

Task 2:   Start: 0 15.1s
Task 2:   End: 0 23.0s 

Exit:   0:23.0s
Start Time: Mon Oct 28 12:55:14 2019


Tab Manual:   0:2.6s

Task 1 0:4.2s
Manual page 2:   0:4.2s

Task 1 0:5.5s
Manual page 3:   0:5.5s

Task 1 0:6.2s
Manual page 4:   0:6.2s
Exit:   0:6.0s
Start Time: Mon Oct 28 12:57:58 2019


Tab Manual:   0:1.3s
Tab Terminal:   0:3.5s
Exit:   0:5.0s
Start Time: Mon Oct 28 13:20:58 2019


Tab Code Editor:   0:1.5s

Task 1 0:3.2s
Tab Read Me:   0:3.2s
Tab ReadMe:   0:3.2s

Task 2 0:4.0s
Tab Read Me:   0:4.0s
Tab Code Editor:   0:5.5s
Tab ReadMe:   0:11.3s
Tab Terminal:   0:11.9s
Tab Manual:   0:12.8s

Task 2 0:14.8s
Manual page 2:   0:14.8s
Code changed: 
    Start:  0:3.0s 
    End:  0:4.0s

Code changed: 
    Start:  0:6.0s 
    End:  0:7.0s

Task 1:   Start: 0 3.2s
Task 1:   End: 3 26.0s 

Task 2:   Start: 0 4.0s
Task 2:   End: 3 26.0s 

Exit:   3:26.0s
